skins/bigger-text/build/intermediates/manifest_merge_blame_file/debug/manifest-merger-blame-debug-report.txt
1<?xml version="1.0" encoding="utf-8"?>
2<!--
3  ~ Copyright 2010—2016 Denis Nelubin and others.
4  ~
5  ~ This file is part of Weather Notification.
6  ~
7  ~ Weather Notification is free software: you can redistribute it and/or modify
8  ~ it under the terms of the GNU General Public License as published by
9  ~ the Free Software Foundation, either version 3 of the License, or
10  ~ (at your option) any later version.
11  ~
12  ~ Weather Notification is distributed in the hope that it will be useful,
13  ~ but WITHOUT ANY WARRANTY; without even the implied warranty of
14  ~ MERCHANTABILITY or FITNESS FOR A PARTICULAR PURPOSE.  See the
15  ~ GNU General Public License for more details.
16  ~
17  ~ You should have received a copy of the GNU General Public License
18  ~ along with Weather Notification.  If not, see http://www.gnu.org/licenses/.
19-->
20<manifest xmlns:android="http://schemas.android.com/apk/res/android"
21    package="ru.gelin.android.weather.notification.skin.biggertext"
22    android:installLocation="auto"
23    android:sharedUserId="ru.gelin.android.weather.notification"
24    android:versionCode="18"
25    android:versionName="0.3.7" >
26
27    <uses-sdk
27-->src\main\AndroidManifest.xml:28:5-16
28        android:minSdkVersion="14"
28-->src\main\AndroidManifest.xml:28:5-16
29        android:targetSdkVersion="26" />
29-->src\main\AndroidManifest.xml:28:5-16
30
31    <uses-permission android:name="ru.gelin.android.weather.notification.START_UPDATE_SERVICE" />
31-->src\main\AndroidManifest.xml:26:5-97
31-->src\main\AndroidManifest.xml:26:22-95
32
33    <supports-screens />
33-->src\main\AndroidManifest.xml:30:5-24
34
35    <application
35-->src\main\AndroidManifest.xml:32:5-58:19
36        android:allowBackup="true"
36-->src\main\AndroidManifest.xml:36:13-39
37        android:appComponentFactory="android.support.v4.app.CoreComponentFactory"
37-->[com.android.support:support-compat:28.0.0] AndroidManifest.xml:22:18-91
38        android:debuggable="true"
39        android:icon="@drawable/icon"
39-->src\main\AndroidManifest.xml:33:13-42
40        android:label="@string/app_name"
40-->src\main\AndroidManifest.xml:34:13-45
41        android:process="ru.gelin.android.weather.notification" >
41-->src\main\AndroidManifest.xml:35:13-68
42        <receiver
42-->src\main\AndroidManifest.xml:38:9-44:20
43            android:name="ru.gelin.android.weather.notification.skin.biggertext.SkinWeatherNotificationReceiver"
43-->src\main\AndroidManifest.xml:39:17-64
44            android:label="@string/skin_name" >
44-->src\main\AndroidManifest.xml:40:17-50
45            <intent-filter>
45-->src\main\AndroidManifest.xml:41:13-43:29
46                <action android:name="ru.gelin.android.weather.notification.ACTION_WEATHER_UPDATE_2" />
46-->src\main\AndroidManifest.xml:42:17-103
46-->src\main\AndroidManifest.xml:42:25-101
47            </intent-filter>
48        </receiver>
49
50        <activity
50-->src\main\AndroidManifest.xml:46:9-51:20
51            android:name="ru.gelin.android.weather.notification.skin.biggertext.SkinConfigActivity"
51-->src\main\AndroidManifest.xml:46:19-53
52            android:label="@string/skin_preferences" >
52-->src\main\AndroidManifest.xml:47:19-59
53            <intent-filter>
53-->src\main\AndroidManifest.xml:48:13-50:29
54                <action android:name="ru.gelin.android.weather.notification.ACTION_WEATHER_SKIN_PREFERENCES" />
54-->src\main\AndroidManifest.xml:49:17-111
54-->src\main\AndroidManifest.xml:49:25-109
55            </intent-filter>
56        </activity>
57        <activity
57-->src\main\AndroidManifest.xml:53:9-56:21
58            android:name="ru.gelin.android.weather.notification.skin.biggertext.WeatherInfoActivity"
58-->src\main\AndroidManifest.xml:53:19-54
59            android:label="@string/weather"
59-->src\main\AndroidManifest.xml:54:19-50
60            android:theme="@style/Theme.Dialog" />
60-->src\main\AndroidManifest.xml:55:19-54
61    </application>
62
63</manifest>